<?xml version="1.0" encoding="UTF-8"?>
<!-- Generated by org.testng.reporters.JUnitReportReporter -->
<testsuite skipped="0" hostname="LAPTOP-VT80RB39" name="Set_lt.TestCaseSet1" tests="2" failures="0" timestamp="2020-04-27T15:27:05 IST" time="29.078" errors="0">
  <testcase name="homePageNav" time="10.817" classname="Set_lt.TestCaseSet1"/>
  <system-out/>
  <testcase name="homePageNav" time="18.261" classname="Set_lt.TestCaseSet1"/>
  <system-out/>
</testsuite> <!-- Set_lt.TestCaseSet1 -->
