<?xml version="1.0" encoding="UTF-8"?>
<!-- Generated by org.testng.reporters.JUnitReportReporter -->
<testsuite skipped="0" hostname="LAPTOP-VT80RB39" name="Set_lt.ValidateNavigationPage" tests="1" failures="0" timestamp="2020-04-27T15:27:05 IST" time="0.124" errors="0">
  <testcase name="homePageNav" time="0.124" classname="Set_lt.ValidateNavigationPage"/>
  <system-out/>
</testsuite> <!-- Set_lt.ValidateNavigationPage -->
